# JRE version: Java(TM) SE Runtime Environment (17.0.12+8) (build 17.0.12+8-LTS-286)
# Java VM: Java HotSpot(TM) 64-Bit Server VM (17.0.12+8-LTS-286, mixed mode, sharing, tiered, compressed oops, compressed class ptrs, g1 gc, windows-amd64)
GC Precious Log:
 CPUs: 8 total, 8 available
 Memory: 8088M
 Large Page Support: Disabled
 NUMA Support: Disabled
 Compressed Oops: Enabled (32-bit)
 Heap Region Size: 1M
 Heap Min Capacity: 8M
 Heap Initial Capacity: 128M
 Heap Max Capacity: 2G
 Pre-touch: Disabled
 Parallel Workers: 8
 Concurrent Workers: 2
 Concurrent Refinement Workers: 8
 Periodic GC: Disabled
Heap:
 garbage-first heap   total 343040K, used 276491K [0x0000000080000000, 0x0000000100000000)
  region size 1024K, 30 young (30720K), 2 survivors (2048K)
 Metaspace       used 134010K, committed 136000K, reserved 557056K
  class space    used 18295K, committed 19328K, reserved 425984K
GC Heap History (20 events):
Event: 540.256 GC heap before
{Heap before GC invocations=82 (full 0):
 garbage-first heap   total 343040K, used 291613K [0x0000000080000000, 0x0000000100000000)
  region size 1024K, 86 young (88064K), 13 survivors (13312K)
 Metaspace       used 128946K, committed 130688K, reserved 557056K
  class space    used 17689K, committed 18560K, reserved 425984K
}
Event: 540.289 GC heap after
{Heap after GC invocations=83 (full 0):
 garbage-first heap   total 343040K, used 229332K [0x0000000080000000, 0x0000000100000000)
  region size 1024K, 11 young (11264K), 11 survivors (11264K)
 Metaspace       used 128946K, committed 130688K, reserved 557056K
  class space    used 17689K, committed 18560K, reserved 425984K
}
Event: 541.514 GC heap before
{Heap before GC invocations=83 (full 0):
 garbage-first heap   total 343040K, used 290772K [0x0000000080000000, 0x0000000100000000)
  region size 1024K, 71 young (72704K), 11 survivors (11264K)
 Metaspace       used 131066K, committed 132864K, reserved 557056K
  class space    used 17945K, committed 18816K, reserved 425984K
}
Event: 541.540 GC heap after
{Heap after GC invocations=84 (full 0):
 garbage-first heap   total 343040K, used 236542K [0x0000000080000000, 0x0000000100000000)
  region size 1024K, 8 young (8192K), 8 survivors (8192K)
 Metaspace       used 131066K, committed 132864K, reserved 557056K
  class space    used 17945K, committed 18816K, reserved 425984K
}
Event: 548.151 GC heap before
{Heap before GC invocations=84 (full 0):
 garbage-first heap   total 343040K, used 289790K [0x0000000080000000, 0x0000000100000000)
  region size 1024K, 61 young (62464K), 8 survivors (8192K)
 Metaspace       used 131517K, committed 133376K, reserved 557056K
  class space    used 18007K, committed 18944K, reserved 425984K
}
Event: 548.174 GC heap after
{Heap after GC invocations=85 (full 0):
 garbage-first heap   total 343040K, used 242768K [0x0000000080000000, 0x0000000100000000)
  region size 1024K, 7 young (7168K), 7 survivors (7168K)
 Metaspace       used 131517K, committed 133376K, reserved 557056K
  class space    used 18007K, committed 18944K, reserved 425984K
}
Event: 614.464 GC heap before
{Heap before GC invocations=85 (full 0):
 garbage-first heap   total 343040K, used 291920K [0x0000000080000000, 0x0000000100000000)
  region size 1024K, 55 young (56320K), 7 survivors (7168K)
 Metaspace       used 131659K, committed 133568K, reserved 557056K
  class space    used 18031K, committed 18944K, reserved 425984K
}
Event: 614.478 GC heap after
{Heap after GC invocations=86 (full 0):
 garbage-first heap   total 343040K, used 244892K [0x0000000080000000, 0x0000000100000000)
  region size 1024K, 2 young (2048K), 2 survivors (2048K)
 Metaspace       used 131659K, committed 133568K, reserved 557056K
  class space    used 18031K, committed 18944K, reserved 425984K
}
Event: 615.806 GC heap before
{Heap before GC invocations=86 (full 0):
 garbage-first heap   total 343040K, used 294044K [0x0000000080000000, 0x0000000100000000)
  region size 1024K, 51 young (52224K), 2 survivors (2048K)
 Metaspace       used 131659K, committed 133568K, reserved 557056K
  class space    used 18031K, committed 18944K, reserved 425984K
}
Event: 615.809 GC heap after
{Heap after GC invocations=87 (full 0):
 garbage-first heap   total 343040K, used 245054K [0x0000000080000000, 0x0000000100000000)
  region size 1024K, 2 young (2048K), 2 survivors (2048K)
 Metaspace       used 131659K, committed 133568K, reserved 557056K
  class space    used 18031K, committed 18944K, reserved 425984K
}
Event: 630.856 GC heap before
{Heap before GC invocations=87 (full 0):
 garbage-first heap   total 343040K, used 295230K [0x0000000080000000, 0x0000000100000000)
  region size 1024K, 52 young (53248K), 2 survivors (2048K)
 Metaspace       used 131677K, committed 133568K, reserved 557056K
  class space    used 18032K, committed 18944K, reserved 425984K
}
Event: 630.859 GC heap after
{Heap after GC invocations=88 (full 0):
 garbage-first heap   total 343040K, used 243131K [0x0000000080000000, 0x0000000100000000)
  region size 1024K, 1 young (1024K), 1 survivors (1024K)
 Metaspace       used 131677K, committed 133568K, reserved 557056K
  class space    used 18032K, committed 18944K, reserved 425984K
}
Event: 648.826 GC heap before
{Heap before GC invocations=88 (full 0):
 garbage-first heap   total 343040K, used 297403K [0x0000000080000000, 0x0000000100000000)
  region size 1024K, 55 young (56320K), 1 survivors (1024K)
 Metaspace       used 131680K, committed 133568K, reserved 557056K
  class space    used 18032K, committed 18944K, reserved 425984K
}
Event: 648.831 GC heap after
{Heap after GC invocations=89 (full 0):
 garbage-first heap   total 343040K, used 245981K [0x0000000080000000, 0x0000000100000000)
  region size 1024K, 4 young (4096K), 4 survivors (4096K)
 Metaspace       used 131680K, committed 133568K, reserved 557056K
  class space    used 18032K, committed 18944K, reserved 425984K
}
Event: 654.132 GC heap before
{Heap before GC invocations=89 (full 0):
 garbage-first heap   total 343040K, used 298205K [0x0000000080000000, 0x0000000100000000)
  region size 1024K, 55 young (56320K), 4 survivors (4096K)
 Metaspace       used 131687K, committed 133568K, reserved 557056K
  class space    used 18032K, committed 18944K, reserved 425984K
}
Event: 654.143 GC heap after
{Heap after GC invocations=90 (full 0):
 garbage-first heap   total 343040K, used 249369K [0x0000000080000000, 0x0000000100000000)
  region size 1024K, 7 young (7168K), 7 survivors (7168K)
 Metaspace       used 131687K, committed 133568K, reserved 557056K
  class space    used 18032K, committed 18944K, reserved 425984K
}
Event: 822.942 GC heap before
{Heap before GC invocations=90 (full 0):
 garbage-first heap   total 343040K, used 295449K [0x0000000080000000, 0x0000000100000000)
  region size 1024K, 53 young (54272K), 7 survivors (7168K)
 Metaspace       used 132254K, committed 134080K, reserved 557056K
  class space    used 18097K, committed 19008K, reserved 425984K
}
Event: 822.954 GC heap after
{Heap after GC invocations=91 (full 0):
 garbage-first heap   total 343040K, used 249911K [0x0000000080000000, 0x0000000100000000)
  region size 1024K, 2 young (2048K), 2 survivors (2048K)
 Metaspace       used 132254K, committed 134080K, reserved 557056K
  class space    used 18097K, committed 19008K, reserved 425984K
}
Event: 1299.640 GC heap before
{Heap before GC invocations=91 (full 0):
 garbage-first heap   total 343040K, used 297015K [0x0000000080000000, 0x0000000100000000)
  region size 1024K, 49 young (50176K), 2 survivors (2048K)
 Metaspace       used 132690K, committed 134592K, reserved 557056K
  class space    used 18139K, committed 19072K, reserved 425984K
}
Event: 1299.645 GC heap after
{Heap after GC invocations=92 (full 0):
 garbage-first heap   total 343040K, used 249867K [0x0000000080000000, 0x0000000100000000)
  region size 1024K, 2 young (2048K), 2 survivors (2048K)
 Metaspace       used 132690K, committed 134592K, reserved 557056K
  class space    used 18139K, committed 19072K, reserved 425984K
}

